#! /c/Source/iverilog-install/bin/vvp
:ivl_version "12.0 (devel)" "(s20150603-1539-g2693dd32b)";
:ivl_delay_selection "TYPICAL";
:vpi_time_precision + 0;
:vpi_module "C:\iverilog\lib\ivl\system.vpi";
:vpi_module "C:\iverilog\lib\ivl\vhdl_sys.vpi";
:vpi_module "C:\iverilog\lib\ivl\vhdl_textio.vpi";
:vpi_module "C:\iverilog\lib\ivl\v2005_math.vpi";
:vpi_module "C:\iverilog\lib\ivl\va_math.vpi";
S_0000026085e4afb0 .scope module, "ALU_simple" "ALU_simple" 2 1;
 .timescale 0 0;
    .port_info 0 /OUTPUT 8 "Y";
    .port_info 1 /INPUT 8 "A";
    .port_info 2 /INPUT 8 "B";
    .port_info 3 /INPUT 1 "SUB";
    .port_info 4 /INPUT 1 "enable";
o0000026085e96fd8 .functor BUFZ 8, C4<zzzzzzzz>; HiZ drive
v0000026085e630a0_0 .net "A", 7 0, o0000026085e96fd8;  0 drivers
o0000026085e97008 .functor BUFZ 8, C4<zzzzzzzz>; HiZ drive
v0000026085e62cd0_0 .net "B", 7 0, o0000026085e97008;  0 drivers
o0000026085e97038 .functor BUFZ 1, C4<z>; HiZ drive
v0000026085e4ef10_0 .net "SUB", 0 0, o0000026085e97038;  0 drivers
v0000026085edb840_0 .net "Y", 7 0, L_0000026085edbe70;  1 drivers
v0000026085edb8e0_0 .net "Y_reg", 7 0, L_0000026085edbdd0;  1 drivers
v0000026085edb980_0 .net *"_ivl_0", 7 0, L_0000026085edbc90;  1 drivers
v0000026085edba20_0 .net *"_ivl_2", 7 0, L_0000026085edbd30;  1 drivers
o0000026085e97128 .functor BUFZ 8, C4<zzzzzzzz>; HiZ drive
; Elide local net with no drivers, v0000026085edbac0_0 name=_ivl_6
o0000026085e97158 .functor BUFZ 1, C4<z>; HiZ drive
v0000026085edbb60_0 .net "enable", 0 0, o0000026085e97158;  0 drivers
L_0000026085edbc90 .arith/sub 8, o0000026085e96fd8, o0000026085e97008;
L_0000026085edbd30 .arith/sum 8, o0000026085e96fd8, o0000026085e97008;
L_0000026085edbdd0 .functor MUXZ 8, L_0000026085edbd30, L_0000026085edbc90, o0000026085e97038, C4<>;
L_0000026085edbe70 .functor MUXZ 8, o0000026085e97128, L_0000026085edbdd0, o0000026085e97158, C4<>;
# The file index is used to find the file name in the following table.
:file_names 3;
    "N/A";
    "<interactive>";
    ".\components\design\simple_ALU.v";
